<?xml version="1.0" encoding="UTF-8"?>
<!-- Generated by org.testng.reporters.JUnitReportReporter -->
<testsuite hostname="FTDT839" name="testCases.HybridExecuteTest" tests="4" failures="0" timestamp="8 Jun 2015 08:03:34 GMT" time="5.230" errors="0">
  <testcase name="testLogin" time="0.172" classname="testCases.HybridExecuteTest"/>
  <testcase name="testLogin" time="0.296" classname="testCases.HybridExecuteTest"/>
  <testcase name="testLogin" time="0.500" classname="testCases.HybridExecuteTest"/>
  <testcase name="testLogin" time="4.262" classname="testCases.HybridExecuteTest"/>
</testsuite> <!-- testCases.HybridExecuteTest -->
