<?xml version="1.0" encoding="UTF-8"?>
<!-- Generated by org.testng.reporters.JUnitReportReporter -->
<testsuite hostname="FTDT798" name="testScript.HybridExecuteTest" tests="22" failures="0" timestamp="4 Oct 2017 06:57:37 GMT" time="55.658" errors="0">
  <testcase name="testLogin" time="55.527" classname="testScript.HybridExecuteTest"/>
  <testcase name="testLogin" time="0.004" classname="testScript.HybridExecuteTest"/>
  <testcase name="testLogin" time="0.005" classname="testScript.HybridExecuteTest"/>
  <testcase name="testLogin" time="0.005" classname="testScript.HybridExecuteTest"/>
  <testcase name="testLogin" time="0.004" classname="testScript.HybridExecuteTest"/>
  <testcase name="testLogin" time="0.005" classname="testScript.HybridExecuteTest"/>
  <testcase name="testLogin" time="0.005" classname="testScript.HybridExecuteTest"/>
  <testcase name="testLogin" time="0.005" classname="testScript.HybridExecuteTest"/>
  <testcase name="testLogin" time="0.005" classname="testScript.HybridExecuteTest"/>
  <testcase name="testLogin" time="0.005" classname="testScript.HybridExecuteTest"/>
  <testcase name="testLogin" time="0.006" classname="testScript.HybridExecuteTest"/>
  <testcase name="testLogin" time="0.005" classname="testScript.HybridExecuteTest"/>
  <testcase name="testLogin" time="0.005" classname="testScript.HybridExecuteTest"/>
  <testcase name="testLogin" time="0.005" classname="testScript.HybridExecuteTest"/>
  <testcase name="testLogin" time="0.005" classname="testScript.HybridExecuteTest"/>
  <testcase name="testLogin" time="0.007" classname="testScript.HybridExecuteTest"/>
  <testcase name="testLogin" time="0.005" classname="testScript.HybridExecuteTest"/>
  <testcase name="testLogin" time="0.005" classname="testScript.HybridExecuteTest"/>
  <testcase name="testLogin" time="0.005" classname="testScript.HybridExecuteTest"/>
  <testcase name="testLogin" time="0.005" classname="testScript.HybridExecuteTest"/>
  <testcase name="testLogin" time="0.005" classname="testScript.HybridExecuteTest"/>
  <testcase name="testLogin" time="0.030" classname="testScript.HybridExecuteTest"/>
</testsuite> <!-- testScript.HybridExecuteTest -->
